2018-10-20 13:03:34,663 [main] Starting AioApplicationTests on MPC with PID 2580 (started by PPC in E:\NutDisk\Project\aio\swiss)
2018-10-20 13:03:34,715 [main] No active profile set, falling back to default profiles: default
2018-10-20 13:03:35,057 [main] Refreshing org.springframework.web.context.support.GenericWebApplicationContext@5b202a3a: startup date [Sat Oct 20 13:03:35 CST 2018]; root of context hierarchy
2018-10-20 13:03:39,904 [main] Mapped URL path [/**/favicon.ico] onto handler of type [class org.springframework.web.servlet.resource.ResourceHttpRequestHandler]
2018-10-20 13:03:42,071 [main] Looking for @ControllerAdvice: org.springframework.web.context.support.GenericWebApplicationContext@5b202a3a: startup date [Sat Oct 20 13:03:35 CST 2018]; root of context hierarchy
2018-10-20 13:03:42,403 [main] Mapped "{[/error]}" onto public org.springframework.http.ResponseEntity<java.util.Map<java.lang.String, java.lang.Object>> org.springframework.boot.autoconfigure.web.servlet.error.BasicErrorController.error(javax.servlet.http.HttpServletRequest)
2018-10-20 13:03:42,417 [main] Mapped "{[/error],produces=[text/html]}" onto public org.springframework.web.servlet.ModelAndView org.springframework.boot.autoconfigure.web.servlet.error.BasicErrorController.errorHtml(javax.servlet.http.HttpServletRequest,javax.servlet.http.HttpServletResponse)
2018-10-20 13:03:42,504 [main] Mapped URL path [/webjars/**] onto handler of type [class org.springframework.web.servlet.resource.ResourceHttpRequestHandler]
2018-10-20 13:03:42,506 [main] Mapped URL path [/**] onto handler of type [class org.springframework.web.servlet.resource.ResourceHttpRequestHandler]
2018-10-20 13:03:44,306 [main] Started AioApplicationTests in 13.685 seconds (JVM running for 15.62)
2018-10-20 13:30:30,422 [main] Starting AioApplicationTests on MPC with PID 12944 (started by PPC in E:\NutDisk\Project\aio\swiss)
2018-10-20 13:30:30,440 [main] No active profile set, falling back to default profiles: default
2018-10-20 13:30:30,576 [main] Refreshing org.springframework.web.context.support.GenericWebApplicationContext@604c5de8: startup date [Sat Oct 20 13:30:30 CST 2018]; root of context hierarchy
2018-10-20 13:30:32,766 [main] Mapped URL path [/**/favicon.ico] onto handler of type [class org.springframework.web.servlet.resource.ResourceHttpRequestHandler]
2018-10-20 13:30:33,433 [main] Looking for @ControllerAdvice: org.springframework.web.context.support.GenericWebApplicationContext@604c5de8: startup date [Sat Oct 20 13:30:30 CST 2018]; root of context hierarchy
2018-10-20 13:30:33,571 [main] Mapped "{[/error]}" onto public org.springframework.http.ResponseEntity<java.util.Map<java.lang.String, java.lang.Object>> org.springframework.boot.autoconfigure.web.servlet.error.BasicErrorController.error(javax.servlet.http.HttpServletRequest)
2018-10-20 13:30:33,573 [main] Mapped "{[/error],produces=[text/html]}" onto public org.springframework.web.servlet.ModelAndView org.springframework.boot.autoconfigure.web.servlet.error.BasicErrorController.errorHtml(javax.servlet.http.HttpServletRequest,javax.servlet.http.HttpServletResponse)
2018-10-20 13:30:33,630 [main] Mapped URL path [/webjars/**] onto handler of type [class org.springframework.web.servlet.resource.ResourceHttpRequestHandler]
2018-10-20 13:30:33,630 [main] Mapped URL path [/**] onto handler of type [class org.springframework.web.servlet.resource.ResourceHttpRequestHandler]
2018-10-20 13:30:34,386 [main] Started AioApplicationTests in 8.687 seconds (JVM running for 11.725)
